SLF4J: Class path contains multiple SLF4J bindings.
SLF4J: Found binding in [jar:file:/C:/Programmieren/Tools/eclipse-rcp-2020/plugins/org.eclipse.m2e.maven.runtime.slf4j.simple_1.16.0.20200610-1735/jars/slf4j-simple-1.7.5.jar!/org/slf4j/impl/StaticLoggerBinder.class]
SLF4J: Found binding in [file:/C:/Programmieren/Tools/eclipse-rcp-2020/configuration/org.eclipse.osgi/5/0/.cp/org/slf4j/impl/StaticLoggerBinder.class]
SLF4J: See http://www.slf4j.org/codes.html#multiple_bindings for an explanation.
SLF4J: Actual binding is of type [org.slf4j.impl.SimpleLoggerFactory]
SLF4J: Class path contains multiple SLF4J bindings.
SLF4J: Found binding in [jar:file:/C:/Programmieren/Tools/eclipse-rcp-2020/plugins/org.eclipse.m2e.maven.runtime.slf4j.simple_1.16.0.20200610-1735/jars/slf4j-simple-1.7.5.jar!/org/slf4j/impl/StaticLoggerBinder.class]
SLF4J: Found binding in [file:/C:/Programmieren/Tools/eclipse-rcp-2020/configuration/org.eclipse.osgi/5/0/.cp/org/slf4j/impl/StaticLoggerBinder.class]
SLF4J: See http://www.slf4j.org/codes.html#multiple_bindings for an explanation.
SLF4J: Actual binding is of type [org.slf4j.impl.SimpleLoggerFactory]
[INFO] Scanning for projects...
[INFO] ------------------------------------------------------------------------
[INFO] Reactor Build Order:
[INFO] 
[INFO] jMetaParent                                                        [pom]
[INFO] jMetaUtility                                                       [jar]
[INFO] jMetaLibrary                                                       [jar]
[INFO] jMetaDefaultExtensionID3v1                                         [jar]
[INFO] jMetaDefaultExtensionID3v23                                        [jar]
[INFO] jMetaDefaultExtensionLyrics3v2                                     [jar]
[INFO] jMetaDefaultExtensionAPEv2                                         [jar]
[INFO] jMetaDefaultExtensionOGG                                           [jar]
[INFO] jMetaDefaultExtensionMP3                                           [jar]
[INFO] jmetaDefaultExtensionIntegrationTests                              [jar]
[INFO] jMetaTools                                                         [jar]
[INFO] jMetaDocs                                                          [pom]
[INFO] 
[INFO] --------------------< com.github.jmeta:jmetaparent >--------------------
[INFO] Building jMetaParent 0.1                                          [1/12]
[INFO] --------------------------------[ pom ]---------------------------------
[INFO] 
[INFO] --- maven-clean-plugin:2.5:clean (default-clean) @ jmetaparent ---
[INFO] Deleting C:\Programmieren\08_GitProjekte\jMeta\jMeta\target
[INFO] 
[INFO] --- jacoco-maven-plugin:0.8.5:prepare-agent (default-prepare-agent) @ jmetaparent ---
[INFO] argLine set to -javaagent:C:\\Users\\User\\.m2\\repository\\org\\jacoco\\org.jacoco.agent\\0.8.5\\org.jacoco.agent-0.8.5-runtime.jar=destfile=C:\\Programmieren\\08_GitProjekte\\jMeta\\jMeta\\target\\jacoco.exec
[INFO] 
[INFO] --- jacoco-maven-plugin:0.8.5:report (default-report) @ jmetaparent ---
[INFO] Skipping JaCoCo execution due to missing execution data file.
[INFO] 
[INFO] --- maven-jar-plugin:2.2:test-jar (default) @ jmetaparent ---
[WARNING] JAR will be empty - no content was marked for inclusion!
[INFO] Building jar: C:\Programmieren\08_GitProjekte\jMeta\jMeta\target\jmetaparent-0.1-tests.jar
[INFO] 
[INFO] --- jacoco-maven-plugin:0.8.5:check (default-check) @ jmetaparent ---
[INFO] Skipping JaCoCo execution due to missing execution data file:C:\Programmieren\08_GitProjekte\jMeta\jMeta\target\jacoco.exec
[INFO] 
[INFO] --- maven-source-plugin:3.0.0:jar-no-fork (attach-sources) @ jmetaparent ---
[INFO] 
[INFO] --- maven-source-plugin:3.0.0:test-jar-no-fork (attach-sources) @ jmetaparent ---
[INFO] 
[INFO] --- maven-install-plugin:2.4:install (default-install) @ jmetaparent ---
[INFO] Installing C:\Programmieren\08_GitProjekte\jMeta\jMeta\pom.xml to C:\Users\User\.m2\repository\com\github\jmeta\jmetaparent\0.1\jmetaparent-0.1.pom
[INFO] Installing C:\Programmieren\08_GitProjekte\jMeta\jMeta\target\jmetaparent-0.1-tests.jar to C:\Users\User\.m2\repository\com\github\jmeta\jmetaparent\0.1\jmetaparent-0.1-tests.jar
[INFO] 
[INFO] -------------------< com.github.jmeta:jmetautility >--------------------
[INFO] Building jMetaUtility 0.1                                         [2/12]
[INFO] --------------------------------[ jar ]---------------------------------
[INFO] 
[INFO] --- maven-clean-plugin:2.5:clean (default-clean) @ jmetautility ---
[INFO] Deleting C:\Programmieren\08_GitProjekte\jMeta\jMetaUtility\target
[INFO] 
[INFO] --- jacoco-maven-plugin:0.8.5:prepare-agent (default-prepare-agent) @ jmetautility ---
[INFO] argLine set to -javaagent:C:\\Users\\User\\.m2\\repository\\org\\jacoco\\org.jacoco.agent\\0.8.5\\org.jacoco.agent-0.8.5-runtime.jar=destfile=C:\\Programmieren\\08_GitProjekte\\jMeta\\jMetaUtility\\target\\jacoco.exec
[INFO] 
[INFO] --- maven-resources-plugin:2.6:resources (default-resources) @ jmetautility ---
[INFO] Using 'UTF-8' encoding to copy filtered resources.
[INFO] Copying 1 resource
[INFO] 
[INFO] --- maven-compiler-plugin:2.3.2:compile (default-compile) @ jmetautility ---
[INFO] Compiling 26 source files to C:\Programmieren\08_GitProjekte\jMeta\jMetaUtility\target\classes
[INFO] 
[INFO] --- maven-resources-plugin:2.6:testResources (default-testResources) @ jmetautility ---
[INFO] Using 'UTF-8' encoding to copy filtered resources.
[INFO] Copying 11 resources
[INFO] 
[INFO] --- maven-compiler-plugin:2.3.2:testCompile (default-testCompile) @ jmetautility ---
[INFO] Compiling 26 source files to C:\Programmieren\08_GitProjekte\jMeta\jMetaUtility\target\test-classes
[INFO] 
[INFO] --- maven-surefire-plugin:2.12.4:test (default-test) @ jmetautility ---
[INFO] Surefire report directory: C:\Programmieren\08_GitProjekte\jMeta\jMetaUtility\target\surefire-reports

-------------------------------------------------------
 T E S T S
-------------------------------------------------------
Running com.github.jmeta.utility.byteutils.api.services.ByteArrayUtilsTest
Tests run: 4, Failures: 0, Errors: 0, Skipped: 0, Time elapsed: 0.289 sec
Running com.github.jmeta.utility.byteutils.api.services.ByteBufferUtilsTest
Tests run: 9, Failures: 0, Errors: 0, Skipped: 0, Time elapsed: 0.017 sec
Running com.github.jmeta.utility.csv.api.services.EmptyCsvFileTest
Tests run: 6, Failures: 0, Errors: 0, Skipped: 0, Time elapsed: 0.032 sec
Running com.github.jmeta.utility.csv.api.services.NineColumnCsvFileTest
Tests run: 6, Failures: 0, Errors: 0, Skipped: 0, Time elapsed: 0.018 sec
Running com.github.jmeta.utility.csv.api.services.OneColumnCsvFileTest
Tests run: 6, Failures: 0, Errors: 0, Skipped: 0, Time elapsed: 0.075 sec
Running com.github.jmeta.utility.csv.api.services.TwelveColumnCsvFileTest
Tests run: 6, Failures: 0, Errors: 0, Skipped: 0, Time elapsed: 0.062 sec
Running com.github.jmeta.utility.csv.api.services.TwoColumnCsvFileTest
Tests run: 6, Failures: 0, Errors: 0, Skipped: 0, Time elapsed: 0.017 sec
Running com.github.jmeta.utility.extmanager.impl.StandardExtensionManagerTest
Tests run: 1, Failures: 0, Errors: 0, Skipped: 0, Time elapsed: 0.069 sec
Running com.github.jmeta.utility.numericutils.api.services.NumericDataTypeHelperTest
Tests run: 6, Failures: 0, Errors: 0, Skipped: 0, Time elapsed: 0.014 sec

Results :

Tests run: 50, Failures: 0, Errors: 0, Skipped: 0

[INFO] 
[INFO] --- jacoco-maven-plugin:0.8.5:report (default-report) @ jmetautility ---
[INFO] Loading execution data file C:\Programmieren\08_GitProjekte\jMeta\jMetaUtility\target\jacoco.exec
[INFO] Analyzed bundle 'jMetaUtility' with 24 classes
[INFO] 
[INFO] --- maven-jar-plugin:2.2:jar (default-jar) @ jmetautility ---
[INFO] Building jar: C:\Programmieren\08_GitProjekte\jMeta\jMetaUtility\target\jmetautility-0.1.jar
[INFO] 
[INFO] --- maven-jar-plugin:2.2:test-jar (default) @ jmetautility ---
[INFO] Building jar: C:\Programmieren\08_GitProjekte\jMeta\jMetaUtility\target\jmetautility-0.1-tests.jar
[INFO] 
[INFO] --- jacoco-maven-plugin:0.8.5:check (default-check) @ jmetautility ---
[INFO] Loading execution data file C:\Programmieren\08_GitProjekte\jMeta\jMetaUtility\target\jacoco.exec
[INFO] Analyzed bundle 'jmetautility' with 24 classes
[WARNING] Rule violated for bundle jmetautility: complexity covered ratio is 0.49, but expected minimum is 0.60
[WARNING] Coverage checks have not been met. See log for details.
[INFO] 
[INFO] --- maven-source-plugin:3.0.0:jar-no-fork (attach-sources) @ jmetautility ---
[INFO] Building jar: C:\Programmieren\08_GitProjekte\jMeta\jMetaUtility\target\jmetautility-0.1-sources.jar
[INFO] 
[INFO] --- maven-source-plugin:3.0.0:test-jar-no-fork (attach-sources) @ jmetautility ---
[INFO] Building jar: C:\Programmieren\08_GitProjekte\jMeta\jMetaUtility\target\jmetautility-0.1-test-sources.jar
[INFO] 
[INFO] --- maven-install-plugin:2.4:install (default-install) @ jmetautility ---
[INFO] Installing C:\Programmieren\08_GitProjekte\jMeta\jMetaUtility\target\jmetautility-0.1.jar to C:\Users\User\.m2\repository\com\github\jmeta\jmetautility\0.1\jmetautility-0.1.jar
[INFO] Installing C:\Programmieren\08_GitProjekte\jMeta\jMetaUtility\pom.xml to C:\Users\User\.m2\repository\com\github\jmeta\jmetautility\0.1\jmetautility-0.1.pom
[INFO] Installing C:\Programmieren\08_GitProjekte\jMeta\jMetaUtility\target\jmetautility-0.1-tests.jar to C:\Users\User\.m2\repository\com\github\jmeta\jmetautility\0.1\jmetautility-0.1-tests.jar
[INFO] Installing C:\Programmieren\08_GitProjekte\jMeta\jMetaUtility\target\jmetautility-0.1-sources.jar to C:\Users\User\.m2\repository\com\github\jmeta\jmetautility\0.1\jmetautility-0.1-sources.jar
[INFO] Installing C:\Programmieren\08_GitProjekte\jMeta\jMetaUtility\target\jmetautility-0.1-test-sources.jar to C:\Users\User\.m2\repository\com\github\jmeta\jmetautility\0.1\jmetautility-0.1-test-sources.jar
[INFO] 
[INFO] -------------------< com.github.jmeta:jmetalibrary >--------------------
[INFO] Building jMetaLibrary 0.1                                         [3/12]
[INFO] --------------------------------[ jar ]---------------------------------
[INFO] 
[INFO] --- maven-clean-plugin:2.5:clean (default-clean) @ jmetalibrary ---
[INFO] Deleting C:\Programmieren\08_GitProjekte\jMeta\jMetaLibrary\target
[INFO] 
[INFO] --- jacoco-maven-plugin:0.8.5:prepare-agent (default-prepare-agent) @ jmetalibrary ---
[INFO] argLine set to -javaagent:C:\\Users\\User\\.m2\\repository\\org\\jacoco\\org.jacoco.agent\\0.8.5\\org.jacoco.agent-0.8.5-runtime.jar=destfile=C:\\Programmieren\\08_GitProjekte\\jMeta\\jMetaLibrary\\target\\jacoco.exec
[INFO] 
[INFO] --- maven-resources-plugin:2.6:resources (default-resources) @ jmetalibrary ---
[INFO] Using 'UTF-8' encoding to copy filtered resources.
[INFO] Copying 6 resources
[INFO] 
[INFO] --- maven-compiler-plugin:2.3.2:compile (default-compile) @ jmetalibrary ---
[INFO] Compiling 147 source files to C:\Programmieren\08_GitProjekte\jMeta\jMetaLibrary\target\classes
[INFO] 
[INFO] --- maven-resources-plugin:2.6:testResources (default-testResources) @ jmetalibrary ---
[INFO] Using 'UTF-8' encoding to copy filtered resources.
[INFO] Copying 2 resources
[INFO] 
[INFO] --- maven-compiler-plugin:2.3.2:testCompile (default-testCompile) @ jmetalibrary ---
[INFO] Compiling 70 source files to C:\Programmieren\08_GitProjekte\jMeta\jMetaLibrary\target\test-classes
[INFO] 
[INFO] --- maven-surefire-plugin:2.12.4:test (default-test) @ jmetalibrary ---
[INFO] Surefire report directory: C:\Programmieren\08_GitProjekte\jMeta\jMetaLibrary\target\surefire-reports

-------------------------------------------------------
 T E S T S
-------------------------------------------------------
Running com.github.jmeta.library.datablocks.impl.FieldTerminationFinderTest
Tests run: 180, Failures: 0, Errors: 0, Skipped: 0, Time elapsed: 0.559 sec
Running com.github.jmeta.library.dataformats.api.types.BitAddressEqualityTest
Tests run: 8, Failures: 0, Errors: 0, Skipped: 0, Time elapsed: 0.026 sec
Running com.github.jmeta.library.dataformats.api.types.Flags1ByteTest
Tests run: 6, Failures: 0, Errors: 0, Skipped: 0, Time elapsed: 1.833 sec
Running com.github.jmeta.library.dataformats.api.types.Flags2ByteTest
Tests run: 6, Failures: 0, Errors: 0, Skipped: 0, Time elapsed: 0.019 sec
Running com.github.jmeta.library.dataformats.api.types.Flags3ByteTest
Tests run: 6, Failures: 0, Errors: 0, Skipped: 0, Time elapsed: 0.007 sec
Running com.github.jmeta.library.dataformats.api.types.Flags4ByteTest
Tests run: 6, Failures: 0, Errors: 0, Skipped: 0, Time elapsed: 0.012 sec
Running com.github.jmeta.library.dataformats.api.types.Flags5ByteTest
Tests run: 6, Failures: 0, Errors: 0, Skipped: 0, Time elapsed: 0.013 sec
Running com.github.jmeta.library.dataformats.api.types.Flags6ByteTest
Tests run: 6, Failures: 0, Errors: 0, Skipped: 0, Time elapsed: 0.009 sec
Running com.github.jmeta.library.dataformats.api.types.Flags7ByteTest
Tests run: 6, Failures: 0, Errors: 0, Skipped: 0, Time elapsed: 0.014 sec
Running com.github.jmeta.library.dataformats.api.types.Flags8ByteTest
Tests run: 6, Failures: 0, Errors: 0, Skipped: 0, Time elapsed: 0.012 sec
Running com.github.jmeta.library.dataformats.api.types.FlagsMultibitTest
Tests run: 7, Failures: 0, Errors: 0, Skipped: 0, Time elapsed: 0.013 sec
Running com.github.jmeta.library.dataformats.api.types.FlagSpecificationTest
Tests run: 2, Failures: 0, Errors: 0, Skipped: 0, Time elapsed: 0.003 sec
Running com.github.jmeta.library.media.api.types.FileMediumTest
Tests run: 6, Failures: 0, Errors: 0, Skipped: 0, Time elapsed: 0.005 sec
Running com.github.jmeta.library.media.api.types.InMemoryMediumTest
Tests run: 6, Failures: 0, Errors: 0, Skipped: 0, Time elapsed: 0 sec
Running com.github.jmeta.library.media.api.types.InputStreamMediumTest
Tests run: 6, Failures: 0, Errors: 0, Skipped: 0, Time elapsed: 0.002 sec
Running com.github.jmeta.library.media.api.types.MediumActionEqualityTest
Tests run: 8, Failures: 0, Errors: 0, Skipped: 0, Time elapsed: 0.002 sec
Running com.github.jmeta.library.media.api.types.MediumActionTest
Tests run: 7, Failures: 0, Errors: 0, Skipped: 0, Time elapsed: 0.005 sec
Running com.github.jmeta.library.media.api.types.MediumEqualityTest
Tests run: 8, Failures: 0, Errors: 0, Skipped: 0, Time elapsed: 0.016 sec
Running com.github.jmeta.library.media.api.types.MediumOffsetEqualityTest
Tests run: 8, Failures: 0, Errors: 0, Skipped: 0, Time elapsed: 0.041 sec
Running com.github.jmeta.library.media.api.types.MediumRegionTest
Tests run: 56, Failures: 0, Errors: 0, Skipped: 0, Time elapsed: 0.036 sec
Running com.github.jmeta.library.media.impl.cache.MediumCacheTest
Tests run: 58, Failures: 0, Errors: 0, Skipped: 0, Time elapsed: 0.097 sec
Running com.github.jmeta.library.media.impl.changeManager.MediumActionComparatorTest
Tests run: 10, Failures: 0, Errors: 0, Skipped: 0, Time elapsed: 0.005 sec
Running com.github.jmeta.library.media.impl.changeManager.MediumChangeManagerCreateFlushPlanTest
Tests run: 43, Failures: 0, Errors: 0, Skipped: 0, Time elapsed: 0.358 sec
Running com.github.jmeta.library.media.impl.changeManager.MediumChangeManagerTest
Tests run: 46, Failures: 0, Errors: 0, Skipped: 0, Time elapsed: 0.064 sec
Running com.github.jmeta.library.media.impl.mediumAccessor.ReadOnlyFileMediumAccessorTest
Tests run: 21, Failures: 0, Errors: 0, Skipped: 0, Time elapsed: 0.039 sec
Running com.github.jmeta.library.media.impl.mediumAccessor.ReadOnlyMemoryMediumAccessorTest
Tests run: 20, Failures: 0, Errors: 0, Skipped: 0, Time elapsed: 0.021 sec
Running com.github.jmeta.library.media.impl.mediumAccessor.StreamMediumAccessorTest
Tests run: 21, Failures: 0, Errors: 0, Skipped: 0, Time elapsed: 0.016 sec
Running com.github.jmeta.library.media.impl.mediumAccessor.WritableFileMediumAccessorTest
Tests run: 38, Failures: 0, Errors: 0, Skipped: 0, Time elapsed: 0.13 sec
Running com.github.jmeta.library.media.impl.mediumAccessor.WritableMemoryMediumAccessorTest
Tests run: 37, Failures: 0, Errors: 0, Skipped: 0, Time elapsed: 0.024 sec
Running com.github.jmeta.library.media.impl.offset.MediumOffsetFactoryTest
Tests run: 24, Failures: 0, Errors: 0, Skipped: 0, Time elapsed: 0.01 sec
Running com.github.jmeta.library.media.impl.offset.StandardMediumOffsetTest
Tests run: 19, Failures: 0, Errors: 0, Skipped: 0, Time elapsed: 0.017 sec
Running com.github.jmeta.library.media.impl.StandardMediaAPITest
Tests run: 4, Failures: 0, Errors: 0, Skipped: 0, Time elapsed: 0.016 sec
Running com.github.jmeta.library.media.impl.store.ReadOnlyFileMediumStoreTest
Tests run: 15, Failures: 0, Errors: 0, Skipped: 0, Time elapsed: 0.028 sec
Running com.github.jmeta.library.media.impl.store.ReadOnlyInMemoryMediumStoreTest
Tests run: 15, Failures: 0, Errors: 0, Skipped: 0, Time elapsed: 0.013 sec
Running com.github.jmeta.library.media.impl.store.ReadOnlyStreamMediumStoreTest
Tests run: 15, Failures: 0, Errors: 0, Skipped: 0, Time elapsed: 0.022 sec
Running com.github.jmeta.library.media.impl.store.StreamMediumStoreTest
Tests run: 43, Failures: 0, Errors: 0, Skipped: 0, Time elapsed: 3.571 sec
Running com.github.jmeta.library.media.impl.store.WritableFileMediumStoreTest
Tests run: 100, Failures: 0, Errors: 0, Skipped: 0, Time elapsed: 2.471 sec
Running com.github.jmeta.library.media.impl.store.WritableInMemoryMediumStoreTest
Tests run: 83, Failures: 0, Errors: 0, Skipped: 0, Time elapsed: 1.091 sec
Running com.github.jmeta.library.startup.api.services.LibraryJMetaTest
Tests run: 3, Failures: 0, Errors: 0, Skipped: 0, Time elapsed: 0.233 sec

Results :

Tests run: 965, Failures: 0, Errors: 0, Skipped: 0

[INFO] 
[INFO] --- jacoco-maven-plugin:0.8.5:report (default-report) @ jmetalibrary ---
[INFO] Loading execution data file C:\Programmieren\08_GitProjekte\jMeta\jMetaLibrary\target\jacoco.exec
[INFO] Analyzed bundle 'jMetaLibrary' with 106 classes
[INFO] 
[INFO] --- maven-jar-plugin:2.2:jar (default-jar) @ jmetalibrary ---
[INFO] Building jar: C:\Programmieren\08_GitProjekte\jMeta\jMetaLibrary\target\jmetalibrary-0.1.jar
[INFO] 
[INFO] --- maven-jar-plugin:2.2:test-jar (default) @ jmetalibrary ---
[INFO] Building jar: C:\Programmieren\08_GitProjekte\jMeta\jMetaLibrary\target\jmetalibrary-0.1-tests.jar
[INFO] 
[INFO] --- jacoco-maven-plugin:0.8.5:check (default-check) @ jmetalibrary ---
[INFO] Loading execution data file C:\Programmieren\08_GitProjekte\jMeta\jMetaLibrary\target\jacoco.exec
[INFO] Analyzed bundle 'jmetalibrary' with 106 classes
[WARNING] Rule violated for bundle jmetalibrary: complexity covered ratio is 0.29, but expected minimum is 0.60
[WARNING] Coverage checks have not been met. See log for details.
[INFO] 
[INFO] --- maven-source-plugin:3.0.0:jar-no-fork (attach-sources) @ jmetalibrary ---
[INFO] Building jar: C:\Programmieren\08_GitProjekte\jMeta\jMetaLibrary\target\jmetalibrary-0.1-sources.jar
[INFO] 
[INFO] --- maven-source-plugin:3.0.0:test-jar-no-fork (attach-sources) @ jmetalibrary ---
[INFO] Building jar: C:\Programmieren\08_GitProjekte\jMeta\jMetaLibrary\target\jmetalibrary-0.1-test-sources.jar
[INFO] 
[INFO] --- maven-install-plugin:2.4:install (default-install) @ jmetalibrary ---
[INFO] Installing C:\Programmieren\08_GitProjekte\jMeta\jMetaLibrary\target\jmetalibrary-0.1.jar to C:\Users\User\.m2\repository\com\github\jmeta\jmetalibrary\0.1\jmetalibrary-0.1.jar
[INFO] Installing C:\Programmieren\08_GitProjekte\jMeta\jMetaLibrary\pom.xml to C:\Users\User\.m2\repository\com\github\jmeta\jmetalibrary\0.1\jmetalibrary-0.1.pom
[INFO] Installing C:\Programmieren\08_GitProjekte\jMeta\jMetaLibrary\target\jmetalibrary-0.1-tests.jar to C:\Users\User\.m2\repository\com\github\jmeta\jmetalibrary\0.1\jmetalibrary-0.1-tests.jar
[INFO] Installing C:\Programmieren\08_GitProjekte\jMeta\jMetaLibrary\target\jmetalibrary-0.1-sources.jar to C:\Users\User\.m2\repository\com\github\jmeta\jmetalibrary\0.1\jmetalibrary-0.1-sources.jar
[INFO] Installing C:\Programmieren\08_GitProjekte\jMeta\jMetaLibrary\target\jmetalibrary-0.1-test-sources.jar to C:\Users\User\.m2\repository\com\github\jmeta\jmetalibrary\0.1\jmetalibrary-0.1-test-sources.jar
[INFO] 
[INFO] --------------------< com.github.jmeta:jmetaID3v1 >---------------------
[INFO] Building jMetaDefaultExtensionID3v1 0.1                           [4/12]
[INFO] --------------------------------[ jar ]---------------------------------
[INFO] 
[INFO] --- maven-clean-plugin:2.5:clean (default-clean) @ jmetaID3v1 ---
[INFO] Deleting C:\Programmieren\08_GitProjekte\jMeta\jMetaDefaultExtensionID3v1\target
[INFO] 
[INFO] --- jacoco-maven-plugin:0.8.5:prepare-agent (default-prepare-agent) @ jmetaID3v1 ---
[INFO] argLine set to -javaagent:C:\\Users\\User\\.m2\\repository\\org\\jacoco\\org.jacoco.agent\\0.8.5\\org.jacoco.agent-0.8.5-runtime.jar=destfile=C:\\Programmieren\\08_GitProjekte\\jMeta\\jMetaDefaultExtensionID3v1\\target\\jacoco.exec
[INFO] 
[INFO] --- maven-resources-plugin:2.6:resources (default-resources) @ jmetaID3v1 ---
[INFO] Using 'UTF-8' encoding to copy filtered resources.
[INFO] Copying 1 resource
[INFO] 
[INFO] --- maven-compiler-plugin:2.3.2:compile (default-compile) @ jmetaID3v1 ---
[INFO] Compiling 3 source files to C:\Programmieren\08_GitProjekte\jMeta\jMetaDefaultExtensionID3v1\target\classes
[INFO] 
[INFO] --- maven-resources-plugin:2.6:testResources (default-testResources) @ jmetaID3v1 ---
[INFO] Using 'UTF-8' encoding to copy filtered resources.
[INFO] Copying 10 resources
[INFO] 
[INFO] --- maven-compiler-plugin:2.3.2:testCompile (default-testCompile) @ jmetaID3v1 ---
[INFO] Compiling 6 source files to C:\Programmieren\08_GitProjekte\jMeta\jMetaDefaultExtensionID3v1\target\test-classes
[INFO] 
[INFO] --- maven-surefire-plugin:2.12.4:test (default-test) @ jmetaID3v1 ---
[INFO] Surefire report directory: C:\Programmieren\08_GitProjekte\jMeta\jMetaDefaultExtensionID3v1\target\surefire-reports

-------------------------------------------------------
 T E S T S
-------------------------------------------------------
Running com.github.jmeta.defaultextensions.id3v1.impl.ID3v11SingleFile_01_Test
Tests run: 16, Failures: 0, Errors: 0, Skipped: 0, Time elapsed: 2.732 sec
Running com.github.jmeta.defaultextensions.id3v1.impl.ID3v11SingleFile_02_Test
Tests run: 16, Failures: 0, Errors: 0, Skipped: 0, Time elapsed: 0.472 sec
Running com.github.jmeta.defaultextensions.id3v1.impl.ID3v1SingleFile_01_Test
Tests run: 16, Failures: 0, Errors: 0, Skipped: 0, Time elapsed: 0.383 sec
Running com.github.jmeta.defaultextensions.id3v1.impl.ID3v1SingleFile_02_Test
Tests run: 16, Failures: 0, Errors: 0, Skipped: 0, Time elapsed: 0.332 sec
Running com.github.jmeta.defaultextensions.id3v1.impl.ID3v1SingleFile_03_Test
Tests run: 16, Failures: 0, Errors: 0, Skipped: 0, Time elapsed: 0.278 sec

Results :

Tests run: 80, Failures: 0, Errors: 0, Skipped: 0

[INFO] 
[INFO] --- jacoco-maven-plugin:0.8.5:report (default-report) @ jmetaID3v1 ---
[INFO] Loading execution data file C:\Programmieren\08_GitProjekte\jMeta\jMetaDefaultExtensionID3v1\target\jacoco.exec
[INFO] Analyzed bundle 'jMetaDefaultExtensionID3v1' with 3 classes
[INFO] 
[INFO] --- maven-jar-plugin:2.2:jar (default-jar) @ jmetaID3v1 ---
[INFO] Building jar: C:\Programmieren\08_GitProjekte\jMeta\jMetaDefaultExtensionID3v1\target\jmetaID3v1-0.1.jar
[INFO] 
[INFO] --- maven-jar-plugin:2.2:test-jar (default) @ jmetaID3v1 ---
[INFO] Building jar: C:\Programmieren\08_GitProjekte\jMeta\jMetaDefaultExtensionID3v1\target\jmetaID3v1-0.1-tests.jar
[INFO] 
[INFO] --- jacoco-maven-plugin:0.8.5:check (default-check) @ jmetaID3v1 ---
[INFO] Loading execution data file C:\Programmieren\08_GitProjekte\jMeta\jMetaDefaultExtensionID3v1\target\jacoco.exec
[INFO] Analyzed bundle 'jmetaID3v1' with 3 classes
[INFO] All coverage checks have been met.
[INFO] 
[INFO] --- maven-source-plugin:3.0.0:jar-no-fork (attach-sources) @ jmetaID3v1 ---
[INFO] Building jar: C:\Programmieren\08_GitProjekte\jMeta\jMetaDefaultExtensionID3v1\target\jmetaID3v1-0.1-sources.jar
[INFO] 
[INFO] --- maven-source-plugin:3.0.0:test-jar-no-fork (attach-sources) @ jmetaID3v1 ---
[INFO] Building jar: C:\Programmieren\08_GitProjekte\jMeta\jMetaDefaultExtensionID3v1\target\jmetaID3v1-0.1-test-sources.jar
[INFO] 
[INFO] --- maven-install-plugin:2.4:install (default-install) @ jmetaID3v1 ---
[INFO] Installing C:\Programmieren\08_GitProjekte\jMeta\jMetaDefaultExtensionID3v1\target\jmetaID3v1-0.1.jar to C:\Users\User\.m2\repository\com\github\jmeta\jmetaID3v1\0.1\jmetaID3v1-0.1.jar
[INFO] Installing C:\Programmieren\08_GitProjekte\jMeta\jMetaDefaultExtensionID3v1\pom.xml to C:\Users\User\.m2\repository\com\github\jmeta\jmetaID3v1\0.1\jmetaID3v1-0.1.pom
[INFO] Installing C:\Programmieren\08_GitProjekte\jMeta\jMetaDefaultExtensionID3v1\target\jmetaID3v1-0.1-tests.jar to C:\Users\User\.m2\repository\com\github\jmeta\jmetaID3v1\0.1\jmetaID3v1-0.1-tests.jar
[INFO] Installing C:\Programmieren\08_GitProjekte\jMeta\jMetaDefaultExtensionID3v1\target\jmetaID3v1-0.1-sources.jar to C:\Users\User\.m2\repository\com\github\jmeta\jmetaID3v1\0.1\jmetaID3v1-0.1-sources.jar
[INFO] Installing C:\Programmieren\08_GitProjekte\jMeta\jMetaDefaultExtensionID3v1\target\jmetaID3v1-0.1-test-sources.jar to C:\Users\User\.m2\repository\com\github\jmeta\jmetaID3v1\0.1\jmetaID3v1-0.1-test-sources.jar
[INFO] 
[INFO] --------------------< com.github.jmeta:jmetaID3v23 >--------------------
[INFO] Building jMetaDefaultExtensionID3v23 0.1                          [5/12]
[INFO] --------------------------------[ jar ]---------------------------------
[INFO] 
[INFO] --- maven-clean-plugin:2.5:clean (default-clean) @ jmetaID3v23 ---
[INFO] Deleting C:\Programmieren\08_GitProjekte\jMeta\jMetaDefaultExtensionID3v23\target
[INFO] 
[INFO] --- jacoco-maven-plugin:0.8.5:prepare-agent (default-prepare-agent) @ jmetaID3v23 ---
[INFO] argLine set to -javaagent:C:\\Users\\User\\.m2\\repository\\org\\jacoco\\org.jacoco.agent\\0.8.5\\org.jacoco.agent-0.8.5-runtime.jar=destfile=C:\\Programmieren\\08_GitProjekte\\jMeta\\jMetaDefaultExtensionID3v23\\target\\jacoco.exec
[INFO] 
[INFO] --- maven-resources-plugin:2.6:resources (default-resources) @ jmetaID3v23 ---
[INFO] Using 'UTF-8' encoding to copy filtered resources.
[INFO] Copying 1 resource
[INFO] 
[INFO] --- maven-compiler-plugin:2.3.2:compile (default-compile) @ jmetaID3v23 ---
[INFO] Compiling 9 source files to C:\Programmieren\08_GitProjekte\jMeta\jMetaDefaultExtensionID3v23\target\classes
[INFO] 
[INFO] --- maven-resources-plugin:2.6:testResources (default-testResources) @ jmetaID3v23 ---
[INFO] Using 'UTF-8' encoding to copy filtered resources.
[INFO] Copying 11 resources
[INFO] 
[INFO] --- maven-compiler-plugin:2.3.2:testCompile (default-testCompile) @ jmetaID3v23 ---
[INFO] Compiling 6 source files to C:\Programmieren\08_GitProjekte\jMeta\jMetaDefaultExtensionID3v23\target\test-classes
[INFO] 
[INFO] --- maven-surefire-plugin:2.12.4:test (default-test) @ jmetaID3v23 ---
[INFO] Surefire report directory: C:\Programmieren\08_GitProjekte\jMeta\jMetaDefaultExtensionID3v23\target\surefire-reports

-------------------------------------------------------
 T E S T S
-------------------------------------------------------
Running com.github.jmeta.defaultextensions.id3v23.impl.ID3v23SingleFile_01_PaddingUTF16TextFrameTest
Tests run: 16, Failures: 0, Errors: 0, Skipped: 0, Time elapsed: 3.198 sec
Running com.github.jmeta.defaultextensions.id3v23.impl.ID3v23SingleFile_02_SinglePaddingByteTest
Tests run: 16, Failures: 0, Errors: 0, Skipped: 0, Time elapsed: 0.562 sec
Running com.github.jmeta.defaultextensions.id3v23.impl.ID3v23SingleFile_03_NoPaddingTest
Tests run: 16, Failures: 0, Errors: 0, Skipped: 0, Time elapsed: 0.464 sec
Running com.github.jmeta.defaultextensions.id3v23.impl.ID3v23SingleFile_05_UnknownFrameTest
Tests run: 16, Failures: 0, Errors: 0, Skipped: 0, Time elapsed: 0.703 sec
Running com.github.jmeta.defaultextensions.id3v23.impl.ID3v23SingleFile_06_ExtendedHeaderTest
Tests run: 16, Failures: 0, Errors: 0, Skipped: 0, Time elapsed: 0.475 sec

Results :

Tests run: 80, Failures: 0, Errors: 0, Skipped: 0

[INFO] 
[INFO] --- jacoco-maven-plugin:0.8.5:report (default-report) @ jmetaID3v23 ---
[INFO] Loading execution data file C:\Programmieren\08_GitProjekte\jMeta\jMetaDefaultExtensionID3v23\target\jacoco.exec
[INFO] Analyzed bundle 'jMetaDefaultExtensionID3v23' with 9 classes
[INFO] 
[INFO] --- maven-jar-plugin:2.2:jar (default-jar) @ jmetaID3v23 ---
[INFO] Building jar: C:\Programmieren\08_GitProjekte\jMeta\jMetaDefaultExtensionID3v23\target\jmetaID3v23-0.1.jar
[INFO] 
[INFO] --- maven-jar-plugin:2.2:test-jar (default) @ jmetaID3v23 ---
[INFO] Building jar: C:\Programmieren\08_GitProjekte\jMeta\jMetaDefaultExtensionID3v23\target\jmetaID3v23-0.1-tests.jar
[INFO] 
[INFO] --- jacoco-maven-plugin:0.8.5:check (default-check) @ jmetaID3v23 ---
[INFO] Loading execution data file C:\Programmieren\08_GitProjekte\jMeta\jMetaDefaultExtensionID3v23\target\jacoco.exec
[INFO] Analyzed bundle 'jmetaID3v23' with 9 classes
[WARNING] Rule violated for bundle jmetaID3v23: complexity covered ratio is 0.44, but expected minimum is 0.60
[WARNING] Coverage checks have not been met. See log for details.
[INFO] 
[INFO] --- maven-source-plugin:3.0.0:jar-no-fork (attach-sources) @ jmetaID3v23 ---
[INFO] Building jar: C:\Programmieren\08_GitProjekte\jMeta\jMetaDefaultExtensionID3v23\target\jmetaID3v23-0.1-sources.jar
[INFO] 
[INFO] --- maven-source-plugin:3.0.0:test-jar-no-fork (attach-sources) @ jmetaID3v23 ---
[INFO] Building jar: C:\Programmieren\08_GitProjekte\jMeta\jMetaDefaultExtensionID3v23\target\jmetaID3v23-0.1-test-sources.jar
[INFO] 
[INFO] --- maven-install-plugin:2.4:install (default-install) @ jmetaID3v23 ---
[INFO] Installing C:\Programmieren\08_GitProjekte\jMeta\jMetaDefaultExtensionID3v23\target\jmetaID3v23-0.1.jar to C:\Users\User\.m2\repository\com\github\jmeta\jmetaID3v23\0.1\jmetaID3v23-0.1.jar
[INFO] Installing C:\Programmieren\08_GitProjekte\jMeta\jMetaDefaultExtensionID3v23\pom.xml to C:\Users\User\.m2\repository\com\github\jmeta\jmetaID3v23\0.1\jmetaID3v23-0.1.pom
[INFO] Installing C:\Programmieren\08_GitProjekte\jMeta\jMetaDefaultExtensionID3v23\target\jmetaID3v23-0.1-tests.jar to C:\Users\User\.m2\repository\com\github\jmeta\jmetaID3v23\0.1\jmetaID3v23-0.1-tests.jar
[INFO] Installing C:\Programmieren\08_GitProjekte\jMeta\jMetaDefaultExtensionID3v23\target\jmetaID3v23-0.1-sources.jar to C:\Users\User\.m2\repository\com\github\jmeta\jmetaID3v23\0.1\jmetaID3v23-0.1-sources.jar
[INFO] Installing C:\Programmieren\08_GitProjekte\jMeta\jMetaDefaultExtensionID3v23\target\jmetaID3v23-0.1-test-sources.jar to C:\Users\User\.m2\repository\com\github\jmeta\jmetaID3v23\0.1\jmetaID3v23-0.1-test-sources.jar
[INFO] 
[INFO] ------------------< com.github.jmeta:jmetaLyrics3v2 >-------------------
[INFO] Building jMetaDefaultExtensionLyrics3v2 0.1                       [6/12]
[INFO] --------------------------------[ jar ]---------------------------------
[INFO] 
[INFO] --- maven-clean-plugin:2.5:clean (default-clean) @ jmetaLyrics3v2 ---
[INFO] Deleting C:\Programmieren\08_GitProjekte\jMeta\jMetaDefaultExtensionLyrics3v2\target
[INFO] 
[INFO] --- jacoco-maven-plugin:0.8.5:prepare-agent (default-prepare-agent) @ jmetaLyrics3v2 ---
[INFO] argLine set to -javaagent:C:\\Users\\User\\.m2\\repository\\org\\jacoco\\org.jacoco.agent\\0.8.5\\org.jacoco.agent-0.8.5-runtime.jar=destfile=C:\\Programmieren\\08_GitProjekte\\jMeta\\jMetaDefaultExtensionLyrics3v2\\target\\jacoco.exec
[INFO] 
[INFO] --- maven-resources-plugin:2.6:resources (default-resources) @ jmetaLyrics3v2 ---
[INFO] Using 'UTF-8' encoding to copy filtered resources.
[INFO] Copying 1 resource
[INFO] 
[INFO] --- maven-compiler-plugin:2.3.2:compile (default-compile) @ jmetaLyrics3v2 ---
[INFO] Compiling 4 source files to C:\Programmieren\08_GitProjekte\jMeta\jMetaDefaultExtensionLyrics3v2\target\classes
[INFO] 
[INFO] --- maven-resources-plugin:2.6:testResources (default-testResources) @ jmetaLyrics3v2 ---
[INFO] Using 'UTF-8' encoding to copy filtered resources.
[INFO] Copying 2 resources
[INFO] 
[INFO] --- maven-compiler-plugin:2.3.2:testCompile (default-testCompile) @ jmetaLyrics3v2 ---
[INFO] Compiling 2 source files to C:\Programmieren\08_GitProjekte\jMeta\jMetaDefaultExtensionLyrics3v2\target\test-classes
[INFO] 
[INFO] --- maven-surefire-plugin:2.12.4:test (default-test) @ jmetaLyrics3v2 ---
[INFO] Surefire report directory: C:\Programmieren\08_GitProjekte\jMeta\jMetaDefaultExtensionLyrics3v2\target\surefire-reports

-------------------------------------------------------
 T E S T S
-------------------------------------------------------
Running com.github.jmeta.defaultextensions.lyrics3v2.impl.Lyrics3v2SingleFile_01Test
Tests run: 16, Failures: 0, Errors: 0, Skipped: 0, Time elapsed: 3.486 sec

Results :

Tests run: 16, Failures: 0, Errors: 0, Skipped: 0

[INFO] 
[INFO] --- jacoco-maven-plugin:0.8.5:report (default-report) @ jmetaLyrics3v2 ---
[INFO] Loading execution data file C:\Programmieren\08_GitProjekte\jMeta\jMetaDefaultExtensionLyrics3v2\target\jacoco.exec
[INFO] Analyzed bundle 'jMetaDefaultExtensionLyrics3v2' with 4 classes
[INFO] 
[INFO] --- maven-jar-plugin:2.2:jar (default-jar) @ jmetaLyrics3v2 ---
[INFO] Building jar: C:\Programmieren\08_GitProjekte\jMeta\jMetaDefaultExtensionLyrics3v2\target\jmetaLyrics3v2-0.1.jar
[INFO] 
[INFO] --- maven-jar-plugin:2.2:test-jar (default) @ jmetaLyrics3v2 ---
[INFO] Building jar: C:\Programmieren\08_GitProjekte\jMeta\jMetaDefaultExtensionLyrics3v2\target\jmetaLyrics3v2-0.1-tests.jar
[INFO] 
[INFO] --- jacoco-maven-plugin:0.8.5:check (default-check) @ jmetaLyrics3v2 ---
[INFO] Loading execution data file C:\Programmieren\08_GitProjekte\jMeta\jMetaDefaultExtensionLyrics3v2\target\jacoco.exec
[INFO] Analyzed bundle 'jmetaLyrics3v2' with 4 classes
[INFO] All coverage checks have been met.
[INFO] 
[INFO] --- maven-source-plugin:3.0.0:jar-no-fork (attach-sources) @ jmetaLyrics3v2 ---
[INFO] Building jar: C:\Programmieren\08_GitProjekte\jMeta\jMetaDefaultExtensionLyrics3v2\target\jmetaLyrics3v2-0.1-sources.jar
[INFO] 
[INFO] --- maven-source-plugin:3.0.0:test-jar-no-fork (attach-sources) @ jmetaLyrics3v2 ---
[INFO] Building jar: C:\Programmieren\08_GitProjekte\jMeta\jMetaDefaultExtensionLyrics3v2\target\jmetaLyrics3v2-0.1-test-sources.jar
[INFO] 
[INFO] --- maven-install-plugin:2.4:install (default-install) @ jmetaLyrics3v2 ---
[INFO] Installing C:\Programmieren\08_GitProjekte\jMeta\jMetaDefaultExtensionLyrics3v2\target\jmetaLyrics3v2-0.1.jar to C:\Users\User\.m2\repository\com\github\jmeta\jmetaLyrics3v2\0.1\jmetaLyrics3v2-0.1.jar
[INFO] Installing C:\Programmieren\08_GitProjekte\jMeta\jMetaDefaultExtensionLyrics3v2\pom.xml to C:\Users\User\.m2\repository\com\github\jmeta\jmetaLyrics3v2\0.1\jmetaLyrics3v2-0.1.pom
[INFO] Installing C:\Programmieren\08_GitProjekte\jMeta\jMetaDefaultExtensionLyrics3v2\target\jmetaLyrics3v2-0.1-tests.jar to C:\Users\User\.m2\repository\com\github\jmeta\jmetaLyrics3v2\0.1\jmetaLyrics3v2-0.1-tests.jar
[INFO] Installing C:\Programmieren\08_GitProjekte\jMeta\jMetaDefaultExtensionLyrics3v2\target\jmetaLyrics3v2-0.1-sources.jar to C:\Users\User\.m2\repository\com\github\jmeta\jmetaLyrics3v2\0.1\jmetaLyrics3v2-0.1-sources.jar
[INFO] Installing C:\Programmieren\08_GitProjekte\jMeta\jMetaDefaultExtensionLyrics3v2\target\jmetaLyrics3v2-0.1-test-sources.jar to C:\Users\User\.m2\repository\com\github\jmeta\jmetaLyrics3v2\0.1\jmetaLyrics3v2-0.1-test-sources.jar
[INFO] 
[INFO] --------------------< com.github.jmeta:jmetaAPEv2 >---------------------
[INFO] Building jMetaDefaultExtensionAPEv2 0.1                           [7/12]
[INFO] --------------------------------[ jar ]---------------------------------
[INFO] 
[INFO] --- maven-clean-plugin:2.5:clean (default-clean) @ jmetaAPEv2 ---
[INFO] Deleting C:\Programmieren\08_GitProjekte\jMeta\jMetaDefaultExtensionAPEv2\target
[INFO] 
[INFO] --- jacoco-maven-plugin:0.8.5:prepare-agent (default-prepare-agent) @ jmetaAPEv2 ---
[INFO] argLine set to -javaagent:C:\\Users\\User\\.m2\\repository\\org\\jacoco\\org.jacoco.agent\\0.8.5\\org.jacoco.agent-0.8.5-runtime.jar=destfile=C:\\Programmieren\\08_GitProjekte\\jMeta\\jMetaDefaultExtensionAPEv2\\target\\jacoco.exec
[INFO] 
[INFO] --- maven-resources-plugin:2.6:resources (default-resources) @ jmetaAPEv2 ---
[INFO] Using 'UTF-8' encoding to copy filtered resources.
[INFO] Copying 1 resource
[INFO] 
[INFO] --- maven-compiler-plugin:2.3.2:compile (default-compile) @ jmetaAPEv2 ---
[INFO] Compiling 2 source files to C:\Programmieren\08_GitProjekte\jMeta\jMetaDefaultExtensionAPEv2\target\classes
[INFO] 
[INFO] --- maven-resources-plugin:2.6:testResources (default-testResources) @ jmetaAPEv2 ---
[INFO] Using 'UTF-8' encoding to copy filtered resources.
[INFO] Copying 2 resources
[INFO] 
[INFO] --- maven-compiler-plugin:2.3.2:testCompile (default-testCompile) @ jmetaAPEv2 ---
[INFO] Compiling 2 source files to C:\Programmieren\08_GitProjekte\jMeta\jMetaDefaultExtensionAPEv2\target\test-classes
[INFO] 
[INFO] --- maven-surefire-plugin:2.12.4:test (default-test) @ jmetaAPEv2 ---
[INFO] Surefire report directory: C:\Programmieren\08_GitProjekte\jMeta\jMetaDefaultExtensionAPEv2\target\surefire-reports

-------------------------------------------------------
 T E S T S
-------------------------------------------------------
Running com.github.jmeta.defaultextensions.apev2.impl.APEv2SingleFile_01_Test
Tests run: 16, Failures: 0, Errors: 0, Skipped: 0, Time elapsed: 3.857 sec

Results :

Tests run: 16, Failures: 0, Errors: 0, Skipped: 0

[INFO] 
[INFO] --- jacoco-maven-plugin:0.8.5:report (default-report) @ jmetaAPEv2 ---
[INFO] Loading execution data file C:\Programmieren\08_GitProjekte\jMeta\jMetaDefaultExtensionAPEv2\target\jacoco.exec
[INFO] Analyzed bundle 'jMetaDefaultExtensionAPEv2' with 2 classes
[INFO] 
[INFO] --- maven-jar-plugin:2.2:jar (default-jar) @ jmetaAPEv2 ---
[INFO] Building jar: C:\Programmieren\08_GitProjekte\jMeta\jMetaDefaultExtensionAPEv2\target\jmetaAPEv2-0.1.jar
[INFO] 
[INFO] --- maven-jar-plugin:2.2:test-jar (default) @ jmetaAPEv2 ---
[INFO] Building jar: C:\Programmieren\08_GitProjekte\jMeta\jMetaDefaultExtensionAPEv2\target\jmetaAPEv2-0.1-tests.jar
[INFO] 
[INFO] --- jacoco-maven-plugin:0.8.5:check (default-check) @ jmetaAPEv2 ---
[INFO] Loading execution data file C:\Programmieren\08_GitProjekte\jMeta\jMetaDefaultExtensionAPEv2\target\jacoco.exec
[INFO] Analyzed bundle 'jmetaAPEv2' with 2 classes
[INFO] All coverage checks have been met.
[INFO] 
[INFO] --- maven-source-plugin:3.0.0:jar-no-fork (attach-sources) @ jmetaAPEv2 ---
[INFO] Building jar: C:\Programmieren\08_GitProjekte\jMeta\jMetaDefaultExtensionAPEv2\target\jmetaAPEv2-0.1-sources.jar
[INFO] 
[INFO] --- maven-source-plugin:3.0.0:test-jar-no-fork (attach-sources) @ jmetaAPEv2 ---
[INFO] Building jar: C:\Programmieren\08_GitProjekte\jMeta\jMetaDefaultExtensionAPEv2\target\jmetaAPEv2-0.1-test-sources.jar
[INFO] 
[INFO] --- maven-install-plugin:2.4:install (default-install) @ jmetaAPEv2 ---
[INFO] Installing C:\Programmieren\08_GitProjekte\jMeta\jMetaDefaultExtensionAPEv2\target\jmetaAPEv2-0.1.jar to C:\Users\User\.m2\repository\com\github\jmeta\jmetaAPEv2\0.1\jmetaAPEv2-0.1.jar
[INFO] Installing C:\Programmieren\08_GitProjekte\jMeta\jMetaDefaultExtensionAPEv2\pom.xml to C:\Users\User\.m2\repository\com\github\jmeta\jmetaAPEv2\0.1\jmetaAPEv2-0.1.pom
[INFO] Installing C:\Programmieren\08_GitProjekte\jMeta\jMetaDefaultExtensionAPEv2\target\jmetaAPEv2-0.1-tests.jar to C:\Users\User\.m2\repository\com\github\jmeta\jmetaAPEv2\0.1\jmetaAPEv2-0.1-tests.jar
[INFO] Installing C:\Programmieren\08_GitProjekte\jMeta\jMetaDefaultExtensionAPEv2\target\jmetaAPEv2-0.1-sources.jar to C:\Users\User\.m2\repository\com\github\jmeta\jmetaAPEv2\0.1\jmetaAPEv2-0.1-sources.jar
[INFO] Installing C:\Programmieren\08_GitProjekte\jMeta\jMetaDefaultExtensionAPEv2\target\jmetaAPEv2-0.1-test-sources.jar to C:\Users\User\.m2\repository\com\github\jmeta\jmetaAPEv2\0.1\jmetaAPEv2-0.1-test-sources.jar
[INFO] 
[INFO] ---------------------< com.github.jmeta:jmetaOGG >----------------------
[INFO] Building jMetaDefaultExtensionOGG 0.1                             [8/12]
[INFO] --------------------------------[ jar ]---------------------------------
[INFO] 
[INFO] --- maven-clean-plugin:2.5:clean (default-clean) @ jmetaOGG ---
[INFO] Deleting C:\Programmieren\08_GitProjekte\jMeta\jMetaDefaultExtensionOGG\target
[INFO] 
[INFO] --- jacoco-maven-plugin:0.8.5:prepare-agent (default-prepare-agent) @ jmetaOGG ---
[INFO] argLine set to -javaagent:C:\\Users\\User\\.m2\\repository\\org\\jacoco\\org.jacoco.agent\\0.8.5\\org.jacoco.agent-0.8.5-runtime.jar=destfile=C:\\Programmieren\\08_GitProjekte\\jMeta\\jMetaDefaultExtensionOGG\\target\\jacoco.exec
[INFO] 
[INFO] --- maven-resources-plugin:2.6:resources (default-resources) @ jmetaOGG ---
[INFO] Using 'UTF-8' encoding to copy filtered resources.
[INFO] Copying 1 resource
[INFO] 
[INFO] --- maven-compiler-plugin:2.3.2:compile (default-compile) @ jmetaOGG ---
[INFO] Compiling 3 source files to C:\Programmieren\08_GitProjekte\jMeta\jMetaDefaultExtensionOGG\target\classes
[INFO] 
[INFO] --- maven-resources-plugin:2.6:testResources (default-testResources) @ jmetaOGG ---
[INFO] Using 'UTF-8' encoding to copy filtered resources.
[INFO] Copying 4 resources
[INFO] 
[INFO] --- maven-compiler-plugin:2.3.2:testCompile (default-testCompile) @ jmetaOGG ---
[INFO] Compiling 3 source files to C:\Programmieren\08_GitProjekte\jMeta\jMetaDefaultExtensionOGG\target\test-classes
[INFO] 
[INFO] --- maven-surefire-plugin:2.12.4:test (default-test) @ jmetaOGG ---
[INFO] Surefire report directory: C:\Programmieren\08_GitProjekte\jMeta\jMetaDefaultExtensionOGG\target\surefire-reports

-------------------------------------------------------
 T E S T S
-------------------------------------------------------
Running com.github.jmeta.defaultextensions.ogg.impl.OggSingleFile_01_Test
Tests run: 16, Failures: 0, Errors: 0, Skipped: 0, Time elapsed: 4.104 sec
Running com.github.jmeta.defaultextensions.ogg.impl.OggSingleFile_02_Test
Tests run: 16, Failures: 0, Errors: 0, Skipped: 0, Time elapsed: 2.094 sec

Results :

Tests run: 32, Failures: 0, Errors: 0, Skipped: 0

[INFO] 
[INFO] --- jacoco-maven-plugin:0.8.5:report (default-report) @ jmetaOGG ---
[INFO] Loading execution data file C:\Programmieren\08_GitProjekte\jMeta\jMetaDefaultExtensionOGG\target\jacoco.exec
[INFO] Analyzed bundle 'jMetaDefaultExtensionOGG' with 3 classes
[INFO] 
[INFO] --- maven-jar-plugin:2.2:jar (default-jar) @ jmetaOGG ---
[INFO] Building jar: C:\Programmieren\08_GitProjekte\jMeta\jMetaDefaultExtensionOGG\target\jmetaOGG-0.1.jar
[INFO] 
[INFO] --- maven-jar-plugin:2.2:test-jar (default) @ jmetaOGG ---
[INFO] Building jar: C:\Programmieren\08_GitProjekte\jMeta\jMetaDefaultExtensionOGG\target\jmetaOGG-0.1-tests.jar
[INFO] 
[INFO] --- jacoco-maven-plugin:0.8.5:check (default-check) @ jmetaOGG ---
[INFO] Loading execution data file C:\Programmieren\08_GitProjekte\jMeta\jMetaDefaultExtensionOGG\target\jacoco.exec
[INFO] Analyzed bundle 'jmetaOGG' with 3 classes
[INFO] All coverage checks have been met.
[INFO] 
[INFO] --- maven-source-plugin:3.0.0:jar-no-fork (attach-sources) @ jmetaOGG ---
[INFO] Building jar: C:\Programmieren\08_GitProjekte\jMeta\jMetaDefaultExtensionOGG\target\jmetaOGG-0.1-sources.jar
[INFO] 
[INFO] --- maven-source-plugin:3.0.0:test-jar-no-fork (attach-sources) @ jmetaOGG ---
[INFO] Building jar: C:\Programmieren\08_GitProjekte\jMeta\jMetaDefaultExtensionOGG\target\jmetaOGG-0.1-test-sources.jar
[INFO] 
[INFO] --- maven-install-plugin:2.4:install (default-install) @ jmetaOGG ---
[INFO] Installing C:\Programmieren\08_GitProjekte\jMeta\jMetaDefaultExtensionOGG\target\jmetaOGG-0.1.jar to C:\Users\User\.m2\repository\com\github\jmeta\jmetaOGG\0.1\jmetaOGG-0.1.jar
[INFO] Installing C:\Programmieren\08_GitProjekte\jMeta\jMetaDefaultExtensionOGG\pom.xml to C:\Users\User\.m2\repository\com\github\jmeta\jmetaOGG\0.1\jmetaOGG-0.1.pom
[INFO] Installing C:\Programmieren\08_GitProjekte\jMeta\jMetaDefaultExtensionOGG\target\jmetaOGG-0.1-tests.jar to C:\Users\User\.m2\repository\com\github\jmeta\jmetaOGG\0.1\jmetaOGG-0.1-tests.jar
[INFO] Installing C:\Programmieren\08_GitProjekte\jMeta\jMetaDefaultExtensionOGG\target\jmetaOGG-0.1-sources.jar to C:\Users\User\.m2\repository\com\github\jmeta\jmetaOGG\0.1\jmetaOGG-0.1-sources.jar
[INFO] Installing C:\Programmieren\08_GitProjekte\jMeta\jMetaDefaultExtensionOGG\target\jmetaOGG-0.1-test-sources.jar to C:\Users\User\.m2\repository\com\github\jmeta\jmetaOGG\0.1\jmetaOGG-0.1-test-sources.jar
[INFO] 
[INFO] ---------------------< com.github.jmeta:jmetaMP3 >----------------------
[INFO] Building jMetaDefaultExtensionMP3 0.1                             [9/12]
[INFO] --------------------------------[ jar ]---------------------------------
[INFO] 
[INFO] --- maven-clean-plugin:2.5:clean (default-clean) @ jmetaMP3 ---
[INFO] Deleting C:\Programmieren\08_GitProjekte\jMeta\jMetaDefaultExtensionMP3\target
[INFO] 
[INFO] --- jacoco-maven-plugin:0.8.5:prepare-agent (default-prepare-agent) @ jmetaMP3 ---
[INFO] argLine set to -javaagent:C:\\Users\\User\\.m2\\repository\\org\\jacoco\\org.jacoco.agent\\0.8.5\\org.jacoco.agent-0.8.5-runtime.jar=destfile=C:\\Programmieren\\08_GitProjekte\\jMeta\\jMetaDefaultExtensionMP3\\target\\jacoco.exec
[INFO] 
[INFO] --- maven-resources-plugin:2.6:resources (default-resources) @ jmetaMP3 ---
[INFO] Using 'UTF-8' encoding to copy filtered resources.
[INFO] Copying 1 resource
[INFO] 
[INFO] --- maven-compiler-plugin:2.3.2:compile (default-compile) @ jmetaMP3 ---
[INFO] Compiling 3 source files to C:\Programmieren\08_GitProjekte\jMeta\jMetaDefaultExtensionMP3\target\classes
[INFO] 
[INFO] --- maven-resources-plugin:2.6:testResources (default-testResources) @ jmetaMP3 ---
[INFO] Using 'UTF-8' encoding to copy filtered resources.
[INFO] Copying 2 resources
[INFO] 
[INFO] --- maven-compiler-plugin:2.3.2:testCompile (default-testCompile) @ jmetaMP3 ---
[INFO] Compiling 2 source files to C:\Programmieren\08_GitProjekte\jMeta\jMetaDefaultExtensionMP3\target\test-classes
[INFO] 
[INFO] --- maven-surefire-plugin:2.12.4:test (default-test) @ jmetaMP3 ---
[INFO] Surefire report directory: C:\Programmieren\08_GitProjekte\jMeta\jMetaDefaultExtensionMP3\target\surefire-reports

-------------------------------------------------------
 T E S T S
-------------------------------------------------------
Running com.github.jmeta.defaultextensions.mp3.impl.MP3SingleFile_01Test
Tests run: 16, Failures: 0, Errors: 0, Skipped: 0, Time elapsed: 3.759 sec

Results :

Tests run: 16, Failures: 0, Errors: 0, Skipped: 0

[INFO] 
[INFO] --- jacoco-maven-plugin:0.8.5:report (default-report) @ jmetaMP3 ---
[INFO] Loading execution data file C:\Programmieren\08_GitProjekte\jMeta\jMetaDefaultExtensionMP3\target\jacoco.exec
[INFO] Analyzed bundle 'jMetaDefaultExtensionMP3' with 3 classes
[INFO] 
[INFO] --- maven-jar-plugin:2.2:jar (default-jar) @ jmetaMP3 ---
[INFO] Building jar: C:\Programmieren\08_GitProjekte\jMeta\jMetaDefaultExtensionMP3\target\jmetaMP3-0.1.jar
[INFO] 
[INFO] --- maven-jar-plugin:2.2:test-jar (default) @ jmetaMP3 ---
[INFO] Building jar: C:\Programmieren\08_GitProjekte\jMeta\jMetaDefaultExtensionMP3\target\jmetaMP3-0.1-tests.jar
[INFO] 
[INFO] --- jacoco-maven-plugin:0.8.5:check (default-check) @ jmetaMP3 ---
[INFO] Loading execution data file C:\Programmieren\08_GitProjekte\jMeta\jMetaDefaultExtensionMP3\target\jacoco.exec
[INFO] Analyzed bundle 'jmetaMP3' with 3 classes
[WARNING] Rule violated for bundle jmetaMP3: complexity covered ratio is 0.41, but expected minimum is 0.60
[WARNING] Coverage checks have not been met. See log for details.
[INFO] 
[INFO] --- maven-source-plugin:3.0.0:jar-no-fork (attach-sources) @ jmetaMP3 ---
[INFO] Building jar: C:\Programmieren\08_GitProjekte\jMeta\jMetaDefaultExtensionMP3\target\jmetaMP3-0.1-sources.jar
[INFO] 
[INFO] --- maven-source-plugin:3.0.0:test-jar-no-fork (attach-sources) @ jmetaMP3 ---
[INFO] Building jar: C:\Programmieren\08_GitProjekte\jMeta\jMetaDefaultExtensionMP3\target\jmetaMP3-0.1-test-sources.jar
[INFO] 
[INFO] --- maven-install-plugin:2.4:install (default-install) @ jmetaMP3 ---
[INFO] Installing C:\Programmieren\08_GitProjekte\jMeta\jMetaDefaultExtensionMP3\target\jmetaMP3-0.1.jar to C:\Users\User\.m2\repository\com\github\jmeta\jmetaMP3\0.1\jmetaMP3-0.1.jar
[INFO] Installing C:\Programmieren\08_GitProjekte\jMeta\jMetaDefaultExtensionMP3\pom.xml to C:\Users\User\.m2\repository\com\github\jmeta\jmetaMP3\0.1\jmetaMP3-0.1.pom
[INFO] Installing C:\Programmieren\08_GitProjekte\jMeta\jMetaDefaultExtensionMP3\target\jmetaMP3-0.1-tests.jar to C:\Users\User\.m2\repository\com\github\jmeta\jmetaMP3\0.1\jmetaMP3-0.1-tests.jar
[INFO] Installing C:\Programmieren\08_GitProjekte\jMeta\jMetaDefaultExtensionMP3\target\jmetaMP3-0.1-sources.jar to C:\Users\User\.m2\repository\com\github\jmeta\jmetaMP3\0.1\jmetaMP3-0.1-sources.jar
[INFO] Installing C:\Programmieren\08_GitProjekte\jMeta\jMetaDefaultExtensionMP3\target\jmetaMP3-0.1-test-sources.jar to C:\Users\User\.m2\repository\com\github\jmeta\jmetaMP3\0.1\jmetaMP3-0.1-test-sources.jar
[INFO] 
[INFO] -------< com.github.jmeta:jmetadefaultextensionintegrationtests >-------
[INFO] Building jmetaDefaultExtensionIntegrationTests 0.1               [10/12]
[INFO] --------------------------------[ jar ]---------------------------------
[INFO] 
[INFO] --- maven-clean-plugin:2.5:clean (default-clean) @ jmetadefaultextensionintegrationtests ---
[INFO] Deleting C:\Programmieren\08_GitProjekte\jMeta\jMetaDefaultExtensionIntegrationTests\target
[INFO] 
[INFO] --- jacoco-maven-plugin:0.8.5:prepare-agent (default-prepare-agent) @ jmetadefaultextensionintegrationtests ---
[INFO] argLine set to -javaagent:C:\\Users\\User\\.m2\\repository\\org\\jacoco\\org.jacoco.agent\\0.8.5\\org.jacoco.agent-0.8.5-runtime.jar=destfile=C:\\Programmieren\\08_GitProjekte\\jMeta\\jMetaDefaultExtensionIntegrationTests\\target\\jacoco.exec
[INFO] 
[INFO] --- maven-resources-plugin:2.6:resources (default-resources) @ jmetadefaultextensionintegrationtests ---
[INFO] Using 'UTF-8' encoding to copy filtered resources.
[INFO] skip non existing resourceDirectory C:\Programmieren\08_GitProjekte\jMeta\jMetaDefaultExtensionIntegrationTests\src\main\resources
[INFO] 
[INFO] --- maven-compiler-plugin:2.3.2:compile (default-compile) @ jmetadefaultextensionintegrationtests ---
[INFO] No sources to compile
[INFO] 
[INFO] --- maven-resources-plugin:2.6:testResources (default-testResources) @ jmetadefaultextensionintegrationtests ---
[INFO] Using 'UTF-8' encoding to copy filtered resources.
[INFO] Copying 2 resources
[INFO] 
[INFO] --- maven-compiler-plugin:2.3.2:testCompile (default-testCompile) @ jmetadefaultextensionintegrationtests ---
[INFO] Compiling 2 source files to C:\Programmieren\08_GitProjekte\jMeta\jMetaDefaultExtensionIntegrationTests\target\test-classes
[INFO] 
[INFO] --- maven-surefire-plugin:2.12.4:test (default-test) @ jmetadefaultextensionintegrationtests ---
[INFO] Surefire report directory: C:\Programmieren\08_GitProjekte\jMeta\jMetaDefaultExtensionIntegrationTests\target\surefire-reports

-------------------------------------------------------
 T E S T S
-------------------------------------------------------
Running com.github.jmeta.defaultextensions.integration.impl.MultiFile_01_TypicalMP3Test
Tests run: 16, Failures: 0, Errors: 0, Skipped: 0, Time elapsed: 5.953 sec

Results :

Tests run: 16, Failures: 0, Errors: 0, Skipped: 0

[INFO] 
[INFO] --- jacoco-maven-plugin:0.8.5:report (default-report) @ jmetadefaultextensionintegrationtests ---
[INFO] Skipping JaCoCo execution due to missing classes directory.
[INFO] 
[INFO] --- maven-jar-plugin:2.2:jar (default-jar) @ jmetadefaultextensionintegrationtests ---
[WARNING] JAR will be empty - no content was marked for inclusion!
[INFO] Building jar: C:\Programmieren\08_GitProjekte\jMeta\jMetaDefaultExtensionIntegrationTests\target\jmetadefaultextensionintegrationtests-0.1.jar
[INFO] 
[INFO] --- maven-jar-plugin:2.2:test-jar (default) @ jmetadefaultextensionintegrationtests ---
[INFO] Building jar: C:\Programmieren\08_GitProjekte\jMeta\jMetaDefaultExtensionIntegrationTests\target\jmetadefaultextensionintegrationtests-0.1-tests.jar
[INFO] 
[INFO] --- jacoco-maven-plugin:0.8.5:check (default-check) @ jmetadefaultextensionintegrationtests ---
[INFO] Skipping JaCoCo execution due to missing classes directory:C:\Programmieren\08_GitProjekte\jMeta\jMetaDefaultExtensionIntegrationTests\target\classes
[INFO] 
[INFO] --- maven-source-plugin:3.0.0:jar-no-fork (attach-sources) @ jmetadefaultextensionintegrationtests ---
[INFO] No sources in project. Archive not created.
[INFO] 
[INFO] --- maven-source-plugin:3.0.0:test-jar-no-fork (attach-sources) @ jmetadefaultextensionintegrationtests ---
[INFO] Building jar: C:\Programmieren\08_GitProjekte\jMeta\jMetaDefaultExtensionIntegrationTests\target\jmetadefaultextensionintegrationtests-0.1-test-sources.jar
[INFO] 
[INFO] --- maven-install-plugin:2.4:install (default-install) @ jmetadefaultextensionintegrationtests ---
[INFO] Installing C:\Programmieren\08_GitProjekte\jMeta\jMetaDefaultExtensionIntegrationTests\target\jmetadefaultextensionintegrationtests-0.1.jar to C:\Users\User\.m2\repository\com\github\jmeta\jmetadefaultextensionintegrationtests\0.1\jmetadefaultextensionintegrationtests-0.1.jar
[INFO] Installing C:\Programmieren\08_GitProjekte\jMeta\jMetaDefaultExtensionIntegrationTests\pom.xml to C:\Users\User\.m2\repository\com\github\jmeta\jmetadefaultextensionintegrationtests\0.1\jmetadefaultextensionintegrationtests-0.1.pom
[INFO] Installing C:\Programmieren\08_GitProjekte\jMeta\jMetaDefaultExtensionIntegrationTests\target\jmetadefaultextensionintegrationtests-0.1-tests.jar to C:\Users\User\.m2\repository\com\github\jmeta\jmetadefaultextensionintegrationtests\0.1\jmetadefaultextensionintegrationtests-0.1-tests.jar
[INFO] Installing C:\Programmieren\08_GitProjekte\jMeta\jMetaDefaultExtensionIntegrationTests\target\jmetadefaultextensionintegrationtests-0.1-test-sources.jar to C:\Users\User\.m2\repository\com\github\jmeta\jmetadefaultextensionintegrationtests\0.1\jmetadefaultextensionintegrationtests-0.1-test-sources.jar
[INFO] 
[INFO] --------------------< com.github.jmeta:jmetatools >---------------------
[INFO] Building jMetaTools 0.1                                          [11/12]
[INFO] --------------------------------[ jar ]---------------------------------
[INFO] 
[INFO] --- maven-clean-plugin:2.5:clean (default-clean) @ jmetatools ---
[INFO] Deleting C:\Programmieren\08_GitProjekte\jMeta\jMetaTools\target
[INFO] 
[INFO] --- jacoco-maven-plugin:0.8.5:prepare-agent (default-prepare-agent) @ jmetatools ---
[INFO] argLine set to -javaagent:C:\\Users\\User\\.m2\\repository\\org\\jacoco\\org.jacoco.agent\\0.8.5\\org.jacoco.agent-0.8.5-runtime.jar=destfile=C:\\Programmieren\\08_GitProjekte\\jMeta\\jMetaTools\\target\\jacoco.exec
[INFO] 
[INFO] --- maven-resources-plugin:2.6:resources (default-resources) @ jmetatools ---
[INFO] Using 'UTF-8' encoding to copy filtered resources.
[INFO] Copying 1 resource
[INFO] 
[INFO] --- maven-compiler-plugin:2.3.2:compile (default-compile) @ jmetatools ---
[INFO] Compiling 46 source files to C:\Programmieren\08_GitProjekte\jMeta\jMetaTools\target\classes
[INFO] 
[INFO] --- maven-resources-plugin:2.6:testResources (default-testResources) @ jmetatools ---
[INFO] Using 'UTF-8' encoding to copy filtered resources.
[INFO] skip non existing resourceDirectory C:\Programmieren\08_GitProjekte\jMeta\jMetaTools\src\test\resources
[INFO] 
[INFO] --- maven-compiler-plugin:2.3.2:testCompile (default-testCompile) @ jmetatools ---
[INFO] Compiling 4 source files to C:\Programmieren\08_GitProjekte\jMeta\jMetaTools\target\test-classes
[INFO] 
[INFO] --- maven-surefire-plugin:2.12.4:test (default-test) @ jmetatools ---
[INFO] Surefire report directory: C:\Programmieren\08_GitProjekte\jMeta\jMetaTools\target\surefire-reports

-------------------------------------------------------
 T E S T S
-------------------------------------------------------
Running com.github.jmeta.tools.benchmark.api.services.MeasurementDurationTest
Tests run: 6, Failures: 0, Errors: 0, Skipped: 0, Time elapsed: 0.252 sec
Running com.github.jmeta.tools.benchmark.api.services.MeasurementSessionTest
Tests run: 3, Failures: 0, Errors: 0, Skipped: 0, Time elapsed: 4.074 sec

Results :

Tests run: 9, Failures: 0, Errors: 0, Skipped: 0

[INFO] 
[INFO] --- jacoco-maven-plugin:0.8.5:report (default-report) @ jmetatools ---
[INFO] Loading execution data file C:\Programmieren\08_GitProjekte\jMeta\jMetaTools\target\jacoco.exec
[INFO] Analyzed bundle 'jMetaTools' with 48 classes
[INFO] 
[INFO] --- maven-jar-plugin:2.2:jar (default-jar) @ jmetatools ---
[INFO] Building jar: C:\Programmieren\08_GitProjekte\jMeta\jMetaTools\target\jmetatools-0.1.jar
[INFO] 
[INFO] --- maven-jar-plugin:2.2:test-jar (default) @ jmetatools ---
[INFO] Building jar: C:\Programmieren\08_GitProjekte\jMeta\jMetaTools\target\jmetatools-0.1-tests.jar
[INFO] 
[INFO] --- jacoco-maven-plugin:0.8.5:check (default-check) @ jmetatools ---
[INFO] Loading execution data file C:\Programmieren\08_GitProjekte\jMeta\jMetaTools\target\jacoco.exec
[INFO] Analyzed bundle 'jmetatools' with 48 classes
[WARNING] Rule violated for bundle jmetatools: complexity covered ratio is 0.23, but expected minimum is 0.60
[WARNING] Coverage checks have not been met. See log for details.
[INFO] 
[INFO] --- maven-source-plugin:3.0.0:jar-no-fork (attach-sources) @ jmetatools ---
[INFO] Building jar: C:\Programmieren\08_GitProjekte\jMeta\jMetaTools\target\jmetatools-0.1-sources.jar
[INFO] 
[INFO] --- maven-source-plugin:3.0.0:test-jar-no-fork (attach-sources) @ jmetatools ---
[INFO] Building jar: C:\Programmieren\08_GitProjekte\jMeta\jMetaTools\target\jmetatools-0.1-test-sources.jar
[INFO] 
[INFO] --- maven-install-plugin:2.4:install (default-install) @ jmetatools ---
[INFO] Installing C:\Programmieren\08_GitProjekte\jMeta\jMetaTools\target\jmetatools-0.1.jar to C:\Users\User\.m2\repository\com\github\jmeta\jmetatools\0.1\jmetatools-0.1.jar
[INFO] Installing C:\Programmieren\08_GitProjekte\jMeta\jMetaTools\pom.xml to C:\Users\User\.m2\repository\com\github\jmeta\jmetatools\0.1\jmetatools-0.1.pom
[INFO] Installing C:\Programmieren\08_GitProjekte\jMeta\jMetaTools\target\jmetatools-0.1-tests.jar to C:\Users\User\.m2\repository\com\github\jmeta\jmetatools\0.1\jmetatools-0.1-tests.jar
[INFO] Installing C:\Programmieren\08_GitProjekte\jMeta\jMetaTools\target\jmetatools-0.1-sources.jar to C:\Users\User\.m2\repository\com\github\jmeta\jmetatools\0.1\jmetatools-0.1-sources.jar
[INFO] Installing C:\Programmieren\08_GitProjekte\jMeta\jMetaTools\target\jmetatools-0.1-test-sources.jar to C:\Users\User\.m2\repository\com\github\jmeta\jmetatools\0.1\jmetatools-0.1-test-sources.jar
[INFO] 
[INFO] ---------------------< com.github.jmeta:jmetadocs >---------------------
[INFO] Building jMetaDocs 0.1                                           [12/12]
[INFO] --------------------------------[ pom ]---------------------------------
[INFO] 
[INFO] --- maven-clean-plugin:2.5:clean (default-clean) @ jmetadocs ---
[INFO] Deleting C:\Programmieren\08_GitProjekte\jMeta\jMetaDocs\target
[INFO] 
[INFO] --- jacoco-maven-plugin:0.8.5:prepare-agent (default-prepare-agent) @ jmetadocs ---
[INFO] argLine set to -javaagent:C:\\Users\\User\\.m2\\repository\\org\\jacoco\\org.jacoco.agent\\0.8.5\\org.jacoco.agent-0.8.5-runtime.jar=destfile=C:\\Programmieren\\08_GitProjekte\\jMeta\\jMetaDocs\\target\\jacoco.exec
[INFO] 
[INFO] --- jacoco-maven-plugin:0.8.5:report (default-report) @ jmetadocs ---
[INFO] Skipping JaCoCo execution due to missing execution data file.
[INFO] 
[INFO] --- maven-jar-plugin:2.2:test-jar (default) @ jmetadocs ---
[WARNING] JAR will be empty - no content was marked for inclusion!
[INFO] Building jar: C:\Programmieren\08_GitProjekte\jMeta\jMetaDocs\target\jmetadocs-0.1-tests.jar
[INFO] 
[INFO] --- jacoco-maven-plugin:0.8.5:check (default-check) @ jmetadocs ---
[INFO] Skipping JaCoCo execution due to missing execution data file:C:\Programmieren\08_GitProjekte\jMeta\jMetaDocs\target\jacoco.exec
[INFO] 
[INFO] --- maven-source-plugin:3.0.0:jar-no-fork (attach-sources) @ jmetadocs ---
[INFO] 
[INFO] --- maven-source-plugin:3.0.0:test-jar-no-fork (attach-sources) @ jmetadocs ---
[INFO] 
[INFO] --- maven-install-plugin:2.4:install (default-install) @ jmetadocs ---
[INFO] Installing C:\Programmieren\08_GitProjekte\jMeta\jMetaDocs\pom.xml to C:\Users\User\.m2\repository\com\github\jmeta\jmetadocs\0.1\jmetadocs-0.1.pom
[INFO] Installing C:\Programmieren\08_GitProjekte\jMeta\jMetaDocs\target\jmetadocs-0.1-tests.jar to C:\Users\User\.m2\repository\com\github\jmeta\jmetadocs\0.1\jmetadocs-0.1-tests.jar
[INFO] ------------------------------------------------------------------------
[INFO] Reactor Summary for jMetaParent 0.1:
[INFO] 
[INFO] jMetaParent ........................................ SUCCESS [  3.003 s]
[INFO] jMetaUtility ....................................... SUCCESS [  8.500 s]
[INFO] jMetaLibrary ....................................... SUCCESS [ 23.974 s]
[INFO] jMetaDefaultExtensionID3v1 ......................... SUCCESS [  6.624 s]
[INFO] jMetaDefaultExtensionID3v23 ........................ SUCCESS [  7.951 s]
[INFO] jMetaDefaultExtensionLyrics3v2 ..................... SUCCESS [  5.396 s]
[INFO] jMetaDefaultExtensionAPEv2 ......................... SUCCESS [  5.548 s]
[INFO] jMetaDefaultExtensionOGG ........................... SUCCESS [  7.995 s]
[INFO] jMetaDefaultExtensionMP3 ........................... SUCCESS [  5.578 s]
[INFO] jmetaDefaultExtensionIntegrationTests .............. SUCCESS [  7.306 s]
[INFO] jMetaTools ......................................... SUCCESS [  7.613 s]
[INFO] jMetaDocs .......................................... SUCCESS [  0.952 s]
[INFO] ------------------------------------------------------------------------
[INFO] BUILD SUCCESS
[INFO] ------------------------------------------------------------------------
[INFO] Total time:  01:30 min
[INFO] Finished at: 2020-08-27T19:50:47+02:00
[INFO] ------------------------------------------------------------------------
